  314008040_ProyectoFinal_Gpo4.cpp
D:\FI\compu grafica\Laboratorio\Final\ProyectoFinal\ProyectoFinal\modelAnim.h(104,44): warning C4244: '=': conversión de 'double' a 'float'; posible pérdida de datos
D:\FI\compu grafica\Laboratorio\Final\ProyectoFinal\ProyectoFinal\modelAnim.h(519,24): warning C4244: 'inicializando': conversión de 'double' a 'float'; posible pérdida de datos
D:\FI\compu grafica\Laboratorio\Final\ProyectoFinal\ProyectoFinal\314008040_ProyectoFinal_Gpo4.cpp(449,24): warning C4244: 'inicializando': conversión de 'double' a 'GLfloat'; posible pérdida de datos
D:\FI\compu grafica\Laboratorio\Final\ProyectoFinal\ProyectoFinal\314008040_ProyectoFinal_Gpo4.cpp(960,11): warning C4244: '=': conversión de 'double' a 'GLfloat'; posible pérdida de datos
D:\FI\compu grafica\Laboratorio\Final\ProyectoFinal\ProyectoFinal\314008040_ProyectoFinal_Gpo4.cpp(961,11): warning C4244: '=': conversión de 'double' a 'GLfloat'; posible pérdida de datos
D:\FI\compu grafica\Laboratorio\Final\ProyectoFinal\ProyectoFinal\314008040_ProyectoFinal_Gpo4.cpp(965,18): warning C4244: 'inicializando': conversión de 'double' a 'GLfloat'; posible pérdida de datos
D:\FI\compu grafica\Laboratorio\Final\ProyectoFinal\ProyectoFinal\314008040_ProyectoFinal_Gpo4.cpp(966,18): warning C4244: 'inicializando': conversión de 'double' a 'GLfloat'; posible pérdida de datos
D:\FI\compu grafica\Laboratorio\Final\ProyectoFinal\ProyectoFinal\314008040_ProyectoFinal_Gpo4.cpp(968,10): warning C4244: '=': conversión de 'double' a 'GLfloat'; posible pérdida de datos
D:\FI\compu grafica\Laboratorio\Final\ProyectoFinal\ProyectoFinal\314008040_ProyectoFinal_Gpo4.cpp(969,10): warning C4244: '=': conversión de 'double' a 'GLfloat'; posible pérdida de datos
soil2-debug.lib(SOIL2.obj) : warning LNK4075: se omite '/EDITANDCONTINUE' debido a la especificación '/OPT:ICF'
LINK : warning LNK4098: la biblioteca predeterminada'MSVCRTD' entra en conflicto con otras bibliotecas; use la biblioteca /NODEFAULTLIB:biblioteca
  Generando código
  Previous IPDB not found, fall back to full compilation.
  All 1077 functions were compiled because no usable IPDB/IOBJ from previous compilation was found.
  Generación de código finalizada
soil2-debug.lib(etc1_utils.obj) : warning LNK4099: no se encontró PDB 'soil2-debug.pdb' con 'soil2-debug.lib(etc1_utils.obj)' o en 'D:\FI\compu grafica\Laboratorio\Final\ProyectoFinal\Release\soil2-debug.pdb'; se vinculará el objeto sin tener en cuenta información de depuración
soil2-debug.lib(image_DXT.obj) : warning LNK4099: no se encontró PDB 'soil2-debug.pdb' con 'soil2-debug.lib(image_DXT.obj)' o en 'D:\FI\compu grafica\Laboratorio\Final\ProyectoFinal\Release\soil2-debug.pdb'; se vinculará el objeto sin tener en cuenta información de depuración
soil2-debug.lib(image_helper.obj) : warning LNK4099: no se encontró PDB 'soil2-debug.pdb' con 'soil2-debug.lib(image_helper.obj)' o en 'D:\FI\compu grafica\Laboratorio\Final\ProyectoFinal\Release\soil2-debug.pdb'; se vinculará el objeto sin tener en cuenta información de depuración
soil2-debug.lib(SOIL2.obj) : warning LNK4099: no se encontró PDB '' con 'soil2-debug.lib(SOIL2.obj)' o en ''; se vinculará el objeto sin tener en cuenta información de depuración
  ProyectoFinal.vcxproj -> D:\FI\compu grafica\Laboratorio\Final\ProyectoFinal\Release\ProyectoFinal.exe
